{"name":"hexo","hostname":"SC-201607171951","pid":19124,"level":20,"msg":"Hexo version: 3.2.2","time":"2017-03-23T15:29:27.020Z","v":0}
{"name":"hexo","hostname":"SC-201607171951","pid":19124,"level":20,"msg":"Working directory: H:\\Git\\GitHub\\hexo_blog\\","time":"2017-03-23T15:29:27.022Z","v":0}
{"name":"hexo","hostname":"SC-201607171951","pid":19124,"level":20,"msg":"Config loaded: H:\\Git\\GitHub\\hexo_blog\\_config.yml","time":"2017-03-23T15:29:27.214Z","v":0}
{"name":"hexo","hostname":"SC-201607171951","pid":19124,"level":20,"msg":"Script loaded: scripts\\photo-tool.js","time":"2017-03-23T15:29:27.231Z","v":0}
{"name":"hexo","hostname":"SC-201607171951","pid":19124,"level":20,"msg":"Plugin loaded: hexo-generator-category","time":"2017-03-23T15:29:27.237Z","v":0}
{"name":"hexo","hostname":"SC-201607171951","pid":19124,"level":20,"msg":"Plugin loaded: hexo-generator-archive","time":"2017-03-23T15:29:27.243Z","v":0}
{"name":"hexo","hostname":"SC-201607171951","pid":19124,"level":20,"msg":"Plugin loaded: hexo-generator-index","time":"2017-03-23T15:29:27.248Z","v":0}
{"name":"hexo","hostname":"SC-201607171951","pid":19124,"level":20,"msg":"Plugin loaded: hexo-renderer-stylus","time":"2017-03-23T15:29:27.250Z","v":0}
{"name":"hexo","hostname":"SC-201607171951","pid":19124,"level":20,"msg":"Plugin loaded: hexo-renderer-ejs","time":"2017-03-23T15:29:27.256Z","v":0}
{"name":"hexo","hostname":"SC-201607171951","pid":19124,"level":20,"msg":"Plugin loaded: hexo-generator-tag","time":"2017-03-23T15:29:27.260Z","v":0}
{"name":"hexo","hostname":"SC-201607171951","pid":19124,"level":20,"msg":"Plugin loaded: hexo-renderer-marked","time":"2017-03-23T15:29:27.270Z","v":0}
{"name":"hexo","hostname":"SC-201607171951","pid":19124,"level":20,"msg":"Plugin loaded: hexo-server","time":"2017-03-23T15:29:27.397Z","v":0}
{"name":"hexo","hostname":"SC-201607171951","pid":19124,"level":20,"msg":"Script loaded: themes\\next\\scripts\\merge-configs.js","time":"2017-03-23T15:29:27.401Z","v":0}
{"name":"hexo","hostname":"SC-201607171951","pid":19124,"level":20,"msg":"Script loaded: themes\\next\\scripts\\tags\\exturl.js","time":"2017-03-23T15:29:27.403Z","v":0}
{"name":"hexo","hostname":"SC-201607171951","pid":19124,"level":20,"msg":"Script loaded: themes\\next\\scripts\\merge.js","time":"2017-03-23T15:29:27.406Z","v":0}
{"name":"hexo","hostname":"SC-201607171951","pid":19124,"level":20,"msg":"Script loaded: themes\\next\\scripts\\tags\\button.js","time":"2017-03-23T15:29:27.406Z","v":0}
{"name":"hexo","hostname":"SC-201607171951","pid":19124,"level":20,"msg":"Script loaded: themes\\next\\scripts\\tags\\center-quote.js","time":"2017-03-23T15:29:27.406Z","v":0}
{"name":"hexo","hostname":"SC-201607171951","pid":19124,"level":20,"msg":"Script loaded: themes\\next\\scripts\\tags\\group-pictures.js","time":"2017-03-23T15:29:27.407Z","v":0}
{"name":"hexo","hostname":"SC-201607171951","pid":19124,"level":20,"msg":"Script loaded: themes\\next\\scripts\\tags\\note.js","time":"2017-03-23T15:29:27.407Z","v":0}
{"name":"hexo","hostname":"SC-201607171951","pid":19124,"level":20,"msg":"Script loaded: themes\\next\\scripts\\tags\\full-image.js","time":"2017-03-23T15:29:27.407Z","v":0}
{"name":"hexo","hostname":"SC-201607171951","pid":19124,"level":60,"msg":"Port 80 has been used. Try other port instead.","time":"2017-03-23T15:29:27.412Z","v":0}
{"name":"hexo","hostname":"SC-201607171951","pid":19124,"level":60,"err":{"message":"listen EADDRINUSE 0.0.0.0:80","name":"Error","stack":"Error: listen EADDRINUSE 0.0.0.0:80\n    at Object.exports._errnoException (util.js:1026:11)\n    at exports._exceptionWithHostPort (util.js:1049:20)\n    at Server._listen2 (net.js:1257:14)\n    at listen (net.js:1293:10)\n    at net.js:1403:9\n    at _combinedTickCallback (internal/process/next_tick.js:77:11)\n    at process._tickCallback (internal/process/next_tick.js:98:9)","code":"EADDRINUSE"},"msg":"Something's wrong. Maybe you can find the solution here: http://hexo.io/docs/troubleshooting.html","time":"2017-03-23T15:29:27.413Z","v":0}
{"name":"hexo","hostname":"SC-201607171951","pid":19124,"level":20,"msg":"Database saved","time":"2017-03-23T15:29:27.415Z","v":0}
{"name":"hexo","hostname":"SC-201607171951","pid":17736,"level":20,"msg":"Hexo version: 3.2.2","time":"2017-03-23T15:30:41.976Z","v":0}
{"name":"hexo","hostname":"SC-201607171951","pid":17736,"level":20,"msg":"Working directory: H:\\Git\\GitHub\\hexo_blog\\","time":"2017-03-23T15:30:41.978Z","v":0}
{"name":"hexo","hostname":"SC-201607171951","pid":17736,"level":20,"msg":"Config loaded: H:\\Git\\GitHub\\hexo_blog\\_config.yml","time":"2017-03-23T15:30:42.167Z","v":0}
{"name":"hexo","hostname":"SC-201607171951","pid":17736,"level":20,"msg":"Script loaded: scripts\\photo-tool.js","time":"2017-03-23T15:30:42.183Z","v":0}
{"name":"hexo","hostname":"SC-201607171951","pid":17736,"level":20,"msg":"Plugin loaded: hexo-generator-archive","time":"2017-03-23T15:30:42.190Z","v":0}
{"name":"hexo","hostname":"SC-201607171951","pid":17736,"level":20,"msg":"Plugin loaded: hexo-generator-category","time":"2017-03-23T15:30:42.194Z","v":0}
{"name":"hexo","hostname":"SC-201607171951","pid":17736,"level":20,"msg":"Plugin loaded: hexo-renderer-ejs","time":"2017-03-23T15:30:42.201Z","v":0}
{"name":"hexo","hostname":"SC-201607171951","pid":17736,"level":20,"msg":"Plugin loaded: hexo-generator-index","time":"2017-03-23T15:30:42.205Z","v":0}
{"name":"hexo","hostname":"SC-201607171951","pid":17736,"level":20,"msg":"Plugin loaded: hexo-renderer-stylus","time":"2017-03-23T15:30:42.207Z","v":0}
{"name":"hexo","hostname":"SC-201607171951","pid":17736,"level":20,"msg":"Plugin loaded: hexo-generator-tag","time":"2017-03-23T15:30:42.211Z","v":0}
{"name":"hexo","hostname":"SC-201607171951","pid":17736,"level":20,"msg":"Plugin loaded: hexo-renderer-marked","time":"2017-03-23T15:30:42.221Z","v":0}
{"name":"hexo","hostname":"SC-201607171951","pid":17736,"level":20,"msg":"Plugin loaded: hexo-server","time":"2017-03-23T15:30:42.362Z","v":0}
{"name":"hexo","hostname":"SC-201607171951","pid":17736,"level":20,"msg":"Script loaded: themes\\next\\scripts\\merge.js","time":"2017-03-23T15:30:42.365Z","v":0}
{"name":"hexo","hostname":"SC-201607171951","pid":17736,"level":20,"msg":"Script loaded: themes\\next\\scripts\\merge-configs.js","time":"2017-03-23T15:30:42.368Z","v":0}
{"name":"hexo","hostname":"SC-201607171951","pid":17736,"level":20,"msg":"Script loaded: themes\\next\\scripts\\tags\\full-image.js","time":"2017-03-23T15:30:42.368Z","v":0}
{"name":"hexo","hostname":"SC-201607171951","pid":17736,"level":20,"msg":"Script loaded: themes\\next\\scripts\\tags\\group-pictures.js","time":"2017-03-23T15:30:42.369Z","v":0}
{"name":"hexo","hostname":"SC-201607171951","pid":17736,"level":20,"msg":"Script loaded: themes\\next\\scripts\\tags\\center-quote.js","time":"2017-03-23T15:30:42.369Z","v":0}
{"name":"hexo","hostname":"SC-201607171951","pid":17736,"level":20,"msg":"Script loaded: themes\\next\\scripts\\tags\\exturl.js","time":"2017-03-23T15:30:42.371Z","v":0}
{"name":"hexo","hostname":"SC-201607171951","pid":17736,"level":20,"msg":"Script loaded: themes\\next\\scripts\\tags\\button.js","time":"2017-03-23T15:30:42.372Z","v":0}
{"name":"hexo","hostname":"SC-201607171951","pid":17736,"level":20,"msg":"Script loaded: themes\\next\\scripts\\tags\\note.js","time":"2017-03-23T15:30:42.372Z","v":0}
{"name":"hexo","hostname":"SC-201607171951","pid":17736,"level":20,"msg":"Loading database.","time":"2017-03-23T15:30:42.384Z","v":0}
{"name":"hexo","hostname":"SC-201607171951","pid":17736,"level":30,"msg":"Start processing","time":"2017-03-23T15:30:42.390Z","v":0}
{"name":"hexo","hostname":"SC-201607171951","pid":17736,"level":20,"msg":"Processed: favicon.ico","time":"2017-03-23T15:30:42.421Z","v":0}
{"name":"hexo","hostname":"SC-201607171951","pid":17736,"level":20,"msg":"Processed: debug.log","time":"2017-03-23T15:30:42.422Z","v":0}
{"name":"hexo","hostname":"SC-201607171951","pid":17736,"level":20,"msg":"Theme config loaded.","time":"2017-03-23T15:30:42.495Z","v":0}
{"name":"hexo","hostname":"SC-201607171951","pid":17736,"level":20,"msg":"Processed: _config.yml","time":"2017-03-23T15:30:42.495Z","v":0}
{"name":"hexo","hostname":"SC-201607171951","pid":17736,"level":20,"msg":"Processed: source/css/main.styl","time":"2017-03-23T15:30:42.500Z","v":0}
{"name":"hexo","hostname":"SC-201607171951","pid":17736,"level":20,"msg":"Processed: source/images/algolia_logo.svg","time":"2017-03-23T15:30:42.500Z","v":0}
{"name":"hexo","hostname":"SC-201607171951","pid":17736,"level":20,"msg":"Processed: source/images/avatar.gif","time":"2017-03-23T15:30:42.500Z","v":0}
{"name":"hexo","hostname":"SC-201607171951","pid":17736,"level":20,"msg":"Processed: source/images/cc-by-nc.svg","time":"2017-03-23T15:30:42.502Z","v":0}
{"name":"hexo","hostname":"SC-201607171951","pid":17736,"level":20,"msg":"Processed: source/images/cc-by-nc-nd.svg","time":"2017-03-23T15:30:42.502Z","v":0}
{"name":"hexo","hostname":"SC-201607171951","pid":17736,"level":20,"msg":"Processed: source/images/cc-by-nc-sa.svg","time":"2017-03-23T15:30:42.503Z","v":0}
{"name":"hexo","hostname":"SC-201607171951","pid":17736,"level":20,"msg":"Processed: source/images/cc-by-nd.svg","time":"2017-03-23T15:30:42.503Z","v":0}
{"name":"hexo","hostname":"SC-201607171951","pid":17736,"level":20,"msg":"Processed: source/images/cc-by-sa.svg","time":"2017-03-23T15:30:42.503Z","v":0}
{"name":"hexo","hostname":"SC-201607171951","pid":17736,"level":20,"msg":"Processed: source/images/cc-by.svg","time":"2017-03-23T15:30:42.503Z","v":0}
{"name":"hexo","hostname":"SC-201607171951","pid":17736,"level":20,"msg":"Processed: source/images/cc-zero.svg","time":"2017-03-23T15:30:42.504Z","v":0}
{"name":"hexo","hostname":"SC-201607171951","pid":17736,"level":20,"msg":"Processed: source/images/loading.gif","time":"2017-03-23T15:30:42.504Z","v":0}
{"name":"hexo","hostname":"SC-201607171951","pid":17736,"level":20,"msg":"Processed: source/images/placeholder.gif","time":"2017-03-23T15:30:42.505Z","v":0}
{"name":"hexo","hostname":"SC-201607171951","pid":17736,"level":20,"msg":"Processed: source/images/quote-l.svg","time":"2017-03-23T15:30:42.505Z","v":0}
{"name":"hexo","hostname":"SC-201607171951","pid":17736,"level":20,"msg":"Processed: source/images/quote-r.svg","time":"2017-03-23T15:30:42.505Z","v":0}
{"name":"hexo","hostname":"SC-201607171951","pid":17736,"level":20,"msg":"Processed: source/images/searchicon.png","time":"2017-03-23T15:30:42.505Z","v":0}
{"name":"hexo","hostname":"SC-201607171951","pid":17736,"level":20,"msg":"Processed: books/index.md","time":"2017-03-23T15:30:42.540Z","v":0}
{"name":"hexo","hostname":"SC-201607171951","pid":17736,"level":20,"msg":"Processed: _posts/hello-world.md","time":"2017-03-23T15:30:42.541Z","v":0}
{"name":"hexo","hostname":"SC-201607171951","pid":17736,"level":20,"msg":"Processed: about/index.md","time":"2017-03-23T15:30:42.542Z","v":0}
{"name":"hexo","hostname":"SC-201607171951","pid":17736,"level":20,"msg":"Processed: categories/index.md","time":"2017-03-23T15:30:42.544Z","v":0}
{"name":"hexo","hostname":"SC-201607171951","pid":17736,"level":20,"msg":"Processed: photoes/index.md","time":"2017-03-23T15:30:42.546Z","v":0}
{"name":"hexo","hostname":"SC-201607171951","pid":17736,"level":20,"msg":"Processed: archives/index.md","time":"2017-03-23T15:30:42.548Z","v":0}
{"name":"hexo","hostname":"SC-201607171951","pid":17736,"level":20,"msg":"Processed: tags/index.md","time":"2017-03-23T15:30:42.549Z","v":0}
{"name":"hexo","hostname":"SC-201607171951","pid":17736,"level":20,"msg":"Processed: _posts/新的开始.md","time":"2017-03-23T15:30:42.550Z","v":0}
{"name":"hexo","hostname":"SC-201607171951","pid":17736,"level":20,"msg":"Processed: layout/_layout.swig","time":"2017-03-23T15:30:42.694Z","v":0}
{"name":"hexo","hostname":"SC-201607171951","pid":17736,"level":20,"msg":"Processed: layout/archive.swig","time":"2017-03-23T15:30:42.694Z","v":0}
{"name":"hexo","hostname":"SC-201607171951","pid":17736,"level":20,"msg":"Processed: layout/index.swig","time":"2017-03-23T15:30:42.694Z","v":0}
{"name":"hexo","hostname":"SC-201607171951","pid":17736,"level":20,"msg":"Processed: layout/post.swig","time":"2017-03-23T15:30:42.694Z","v":0}
{"name":"hexo","hostname":"SC-201607171951","pid":17736,"level":20,"msg":"Processed: layout/category.swig","time":"2017-03-23T15:30:42.694Z","v":0}
{"name":"hexo","hostname":"SC-201607171951","pid":17736,"level":20,"msg":"Processed: layout/page.swig","time":"2017-03-23T15:30:42.694Z","v":0}
{"name":"hexo","hostname":"SC-201607171951","pid":17736,"level":20,"msg":"Processed: layout/tag.swig","time":"2017-03-23T15:30:42.694Z","v":0}
{"name":"hexo","hostname":"SC-201607171951","pid":17736,"level":20,"msg":"Processed: layout/schedule.swig","time":"2017-03-23T15:30:42.694Z","v":0}
{"name":"hexo","hostname":"SC-201607171951","pid":17736,"level":20,"msg":"Processed: languages/de.yml","time":"2017-03-23T15:30:42.695Z","v":0}
{"name":"hexo","hostname":"SC-201607171951","pid":17736,"level":20,"msg":"Processed: languages/en.yml","time":"2017-03-23T15:30:42.695Z","v":0}
{"name":"hexo","hostname":"SC-201607171951","pid":17736,"level":20,"msg":"Processed: languages/fr-FR.yml","time":"2017-03-23T15:30:42.695Z","v":0}
{"name":"hexo","hostname":"SC-201607171951","pid":17736,"level":20,"msg":"Processed: languages/id.yml","time":"2017-03-23T15:30:42.695Z","v":0}
{"name":"hexo","hostname":"SC-201607171951","pid":17736,"level":20,"msg":"Processed: languages/ko.yml","time":"2017-03-23T15:30:42.695Z","v":0}
{"name":"hexo","hostname":"SC-201607171951","pid":17736,"level":20,"msg":"Processed: languages/ja.yml","time":"2017-03-23T15:30:42.695Z","v":0}
{"name":"hexo","hostname":"SC-201607171951","pid":17736,"level":20,"msg":"Processed: languages/pt-BR.yml","time":"2017-03-23T15:30:42.695Z","v":0}
{"name":"hexo","hostname":"SC-201607171951","pid":17736,"level":20,"msg":"Processed: languages/zh-Hans.yml","time":"2017-03-23T15:30:42.695Z","v":0}
{"name":"hexo","hostname":"SC-201607171951","pid":17736,"level":20,"msg":"Processed: languages/pt.yml","time":"2017-03-23T15:30:42.695Z","v":0}
{"name":"hexo","hostname":"SC-201607171951","pid":17736,"level":20,"msg":"Processed: languages/zh-tw.yml","time":"2017-03-23T15:30:42.695Z","v":0}
{"name":"hexo","hostname":"SC-201607171951","pid":17736,"level":20,"msg":"Processed: languages/default.yml","time":"2017-03-23T15:30:42.696Z","v":0}
{"name":"hexo","hostname":"SC-201607171951","pid":17736,"level":20,"msg":"Processed: languages/ru.yml","time":"2017-03-23T15:30:42.696Z","v":0}
{"name":"hexo","hostname":"SC-201607171951","pid":17736,"level":20,"msg":"Processed: languages/zh-hk.yml","time":"2017-03-23T15:30:42.696Z","v":0}
{"name":"hexo","hostname":"SC-201607171951","pid":17736,"level":20,"msg":"Processed: source/js/src/affix.js","time":"2017-03-23T15:30:42.703Z","v":0}
{"name":"hexo","hostname":"SC-201607171951","pid":17736,"level":20,"msg":"Processed: source/js/src/algolia-search.js","time":"2017-03-23T15:30:42.703Z","v":0}
{"name":"hexo","hostname":"SC-201607171951","pid":17736,"level":20,"msg":"Processed: source/js/src/bootstrap.js","time":"2017-03-23T15:30:42.706Z","v":0}
{"name":"hexo","hostname":"SC-201607171951","pid":17736,"level":20,"msg":"Processed: source/js/src/exturl.js","time":"2017-03-23T15:30:42.706Z","v":0}
{"name":"hexo","hostname":"SC-201607171951","pid":17736,"level":20,"msg":"Processed: source/js/src/hook-duoshuo.js","time":"2017-03-23T15:30:42.707Z","v":0}
{"name":"hexo","hostname":"SC-201607171951","pid":17736,"level":20,"msg":"Processed: source/js/src/motion.js","time":"2017-03-23T15:30:42.707Z","v":0}
{"name":"hexo","hostname":"SC-201607171951","pid":17736,"level":20,"msg":"Processed: source/js/src/post-details.js","time":"2017-03-23T15:30:42.707Z","v":0}
{"name":"hexo","hostname":"SC-201607171951","pid":17736,"level":20,"msg":"Processed: source/js/src/scrollspy.js","time":"2017-03-23T15:30:42.707Z","v":0}
{"name":"hexo","hostname":"SC-201607171951","pid":17736,"level":20,"msg":"Processed: source/js/src/utils.js","time":"2017-03-23T15:30:42.708Z","v":0}
{"name":"hexo","hostname":"SC-201607171951","pid":17736,"level":20,"msg":"Processed: source/lib/algolia-instant-search/instantsearch.min.css","time":"2017-03-23T15:30:42.708Z","v":0}
{"name":"hexo","hostname":"SC-201607171951","pid":17736,"level":20,"msg":"Processed: source/lib/canvas-nest/canvas-nest.min.js","time":"2017-03-23T15:30:42.709Z","v":0}
{"name":"hexo","hostname":"SC-201607171951","pid":17736,"level":20,"msg":"Processed: source/lib/fastclick/README.md","time":"2017-03-23T15:30:42.709Z","v":0}
{"name":"hexo","hostname":"SC-201607171951","pid":17736,"level":20,"msg":"Processed: source/lib/fastclick/bower.json","time":"2017-03-23T15:30:42.709Z","v":0}
{"name":"hexo","hostname":"SC-201607171951","pid":17736,"level":20,"msg":"Processed: source/lib/fastclick/LICENSE","time":"2017-03-23T15:30:42.709Z","v":0}
{"name":"hexo","hostname":"SC-201607171951","pid":17736,"level":20,"msg":"Processed: source/lib/font-awesome/bower.json","time":"2017-03-23T15:30:42.710Z","v":0}
{"name":"hexo","hostname":"SC-201607171951","pid":17736,"level":20,"msg":"Processed: source/lib/font-awesome/HELP-US-OUT.txt","time":"2017-03-23T15:30:42.710Z","v":0}
{"name":"hexo","hostname":"SC-201607171951","pid":17736,"level":20,"msg":"Processed: source/lib/jquery_lazyload/bower.json","time":"2017-03-23T15:30:42.710Z","v":0}
{"name":"hexo","hostname":"SC-201607171951","pid":17736,"level":20,"msg":"Processed: source/lib/jquery_lazyload/jquery.lazyload.js","time":"2017-03-23T15:30:42.710Z","v":0}
{"name":"hexo","hostname":"SC-201607171951","pid":17736,"level":20,"msg":"Processed: source/lib/jquery_lazyload/CONTRIBUTING.md","time":"2017-03-23T15:30:42.711Z","v":0}
{"name":"hexo","hostname":"SC-201607171951","pid":17736,"level":20,"msg":"Processed: source/lib/jquery_lazyload/README.md","time":"2017-03-23T15:30:42.711Z","v":0}
{"name":"hexo","hostname":"SC-201607171951","pid":17736,"level":20,"msg":"Processed: source/lib/jquery_lazyload/jquery.scrollstop.js","time":"2017-03-23T15:30:42.711Z","v":0}
{"name":"hexo","hostname":"SC-201607171951","pid":17736,"level":20,"msg":"Processed: source/lib/velocity/velocity.min.js","time":"2017-03-23T15:30:42.711Z","v":0}
{"name":"hexo","hostname":"SC-201607171951","pid":17736,"level":20,"msg":"Processed: source/lib/velocity/velocity.ui.js","time":"2017-03-23T15:30:42.712Z","v":0}
{"name":"hexo","hostname":"SC-201607171951","pid":17736,"level":20,"msg":"Processed: source/lib/velocity/bower.json","time":"2017-03-23T15:30:42.712Z","v":0}
{"name":"hexo","hostname":"SC-201607171951","pid":17736,"level":20,"msg":"Processed: source/lib/velocity/velocity.ui.min.js","time":"2017-03-23T15:30:42.712Z","v":0}
{"name":"hexo","hostname":"SC-201607171951","pid":17736,"level":20,"msg":"Processed: source/lib/css/animate.css","time":"2017-03-23T15:30:42.816Z","v":0}
{"name":"hexo","hostname":"SC-201607171951","pid":17736,"level":20,"msg":"Processed: source/lib/jquery/index.js","time":"2017-03-23T15:30:42.816Z","v":0}
{"name":"hexo","hostname":"SC-201607171951","pid":17736,"level":20,"msg":"Processed: layout/_custom/header.swig","time":"2017-03-23T15:30:42.867Z","v":0}
{"name":"hexo","hostname":"SC-201607171951","pid":17736,"level":20,"msg":"Processed: layout/_custom/sidebar.swig","time":"2017-03-23T15:30:42.867Z","v":0}
{"name":"hexo","hostname":"SC-201607171951","pid":17736,"level":20,"msg":"Processed: layout/_macro/post-collapse.swig","time":"2017-03-23T15:30:42.867Z","v":0}
{"name":"hexo","hostname":"SC-201607171951","pid":17736,"level":20,"msg":"Processed: layout/_macro/post.swig","time":"2017-03-23T15:30:42.867Z","v":0}
{"name":"hexo","hostname":"SC-201607171951","pid":17736,"level":20,"msg":"Processed: layout/_macro/post-copyright.swig","time":"2017-03-23T15:30:42.867Z","v":0}
{"name":"hexo","hostname":"SC-201607171951","pid":17736,"level":20,"msg":"Processed: layout/_macro/sidebar.swig","time":"2017-03-23T15:30:42.868Z","v":0}
{"name":"hexo","hostname":"SC-201607171951","pid":17736,"level":20,"msg":"Processed: layout/_macro/wechat-subscriber.swig","time":"2017-03-23T15:30:42.868Z","v":0}
{"name":"hexo","hostname":"SC-201607171951","pid":17736,"level":20,"msg":"Processed: layout/_partials/page-header.swig","time":"2017-03-23T15:30:42.868Z","v":0}
{"name":"hexo","hostname":"SC-201607171951","pid":17736,"level":20,"msg":"Processed: layout/_partials/footer.swig","time":"2017-03-23T15:30:42.868Z","v":0}
{"name":"hexo","hostname":"SC-201607171951","pid":17736,"level":20,"msg":"Processed: layout/_macro/reward.swig","time":"2017-03-23T15:30:42.868Z","v":0}
{"name":"hexo","hostname":"SC-201607171951","pid":17736,"level":20,"msg":"Processed: layout/_partials/comments.swig","time":"2017-03-23T15:30:42.868Z","v":0}
{"name":"hexo","hostname":"SC-201607171951","pid":17736,"level":20,"msg":"Processed: layout/_partials/header.swig","time":"2017-03-23T15:30:42.868Z","v":0}
{"name":"hexo","hostname":"SC-201607171951","pid":17736,"level":20,"msg":"Processed: layout/_partials/head.swig","time":"2017-03-23T15:30:42.868Z","v":0}
{"name":"hexo","hostname":"SC-201607171951","pid":17736,"level":20,"msg":"Processed: layout/_third-party/duoshuo-hot-articles.swig","time":"2017-03-23T15:30:42.868Z","v":0}
{"name":"hexo","hostname":"SC-201607171951","pid":17736,"level":20,"msg":"Processed: layout/_third-party/mathjax.swig","time":"2017-03-23T15:30:42.868Z","v":0}
{"name":"hexo","hostname":"SC-201607171951","pid":17736,"level":20,"msg":"Processed: layout/_partials/pagination.swig","time":"2017-03-23T15:30:42.868Z","v":0}
{"name":"hexo","hostname":"SC-201607171951","pid":17736,"level":20,"msg":"Processed: layout/_partials/search.swig","time":"2017-03-23T15:30:42.868Z","v":0}
{"name":"hexo","hostname":"SC-201607171951","pid":17736,"level":20,"msg":"Processed: layout/_third-party/exturl.swig","time":"2017-03-23T15:30:42.868Z","v":0}
{"name":"hexo","hostname":"SC-201607171951","pid":17736,"level":20,"msg":"Processed: layout/_scripts/boostrap.swig","time":"2017-03-23T15:30:42.868Z","v":0}
{"name":"hexo","hostname":"SC-201607171951","pid":17736,"level":20,"msg":"Processed: layout/_third-party/schedule.swig","time":"2017-03-23T15:30:42.868Z","v":0}
{"name":"hexo","hostname":"SC-201607171951","pid":17736,"level":20,"msg":"Processed: layout/_scripts/vendors.swig","time":"2017-03-23T15:30:42.868Z","v":0}
{"name":"hexo","hostname":"SC-201607171951","pid":17736,"level":20,"msg":"Processed: layout/_scripts/commons.swig","time":"2017-03-23T15:30:42.868Z","v":0}
{"name":"hexo","hostname":"SC-201607171951","pid":17736,"level":20,"msg":"Processed: source/js/src/schemes/pisces.js","time":"2017-03-23T15:30:42.871Z","v":0}
{"name":"hexo","hostname":"SC-201607171951","pid":17736,"level":20,"msg":"Processed: source/lib/fancybox/source/blank.gif","time":"2017-03-23T15:30:42.871Z","v":0}
{"name":"hexo","hostname":"SC-201607171951","pid":17736,"level":20,"msg":"Processed: source/lib/fancybox/source/fancybox_loading.gif","time":"2017-03-23T15:30:42.871Z","v":0}
{"name":"hexo","hostname":"SC-201607171951","pid":17736,"level":20,"msg":"Processed: source/lib/fancybox/source/fancybox_loading@2x.gif","time":"2017-03-23T15:30:42.871Z","v":0}
{"name":"hexo","hostname":"SC-201607171951","pid":17736,"level":20,"msg":"Processed: source/lib/fancybox/source/fancybox_sprite.png","time":"2017-03-23T15:30:42.871Z","v":0}
{"name":"hexo","hostname":"SC-201607171951","pid":17736,"level":20,"msg":"Processed: source/lib/fancybox/source/fancybox_overlay.png","time":"2017-03-23T15:30:42.872Z","v":0}
{"name":"hexo","hostname":"SC-201607171951","pid":17736,"level":20,"msg":"Processed: source/lib/fancybox/source/fancybox_sprite@2x.png","time":"2017-03-23T15:30:42.872Z","v":0}
{"name":"hexo","hostname":"SC-201607171951","pid":17736,"level":20,"msg":"Processed: source/lib/fancybox/source/jquery.fancybox.css","time":"2017-03-23T15:30:42.872Z","v":0}
{"name":"hexo","hostname":"SC-201607171951","pid":17736,"level":20,"msg":"Processed: source/lib/fancybox/source/jquery.fancybox.js","time":"2017-03-23T15:30:42.873Z","v":0}
{"name":"hexo","hostname":"SC-201607171951","pid":17736,"level":20,"msg":"Processed: source/lib/fancybox/source/jquery.fancybox.pack.js","time":"2017-03-23T15:30:42.873Z","v":0}
{"name":"hexo","hostname":"SC-201607171951","pid":17736,"level":20,"msg":"Processed: source/lib/fastclick/lib/fastclick.js","time":"2017-03-23T15:30:42.873Z","v":0}
{"name":"hexo","hostname":"SC-201607171951","pid":17736,"level":20,"msg":"Processed: source/lib/fastclick/lib/fastclick.min.js","time":"2017-03-23T15:30:42.873Z","v":0}
{"name":"hexo","hostname":"SC-201607171951","pid":17736,"level":20,"msg":"Processed: source/lib/font-awesome/css/font-awesome.css","time":"2017-03-23T15:30:42.873Z","v":0}
{"name":"hexo","hostname":"SC-201607171951","pid":17736,"level":20,"msg":"Processed: source/lib/font-awesome/css/font-awesome.css.map","time":"2017-03-23T15:30:42.874Z","v":0}
{"name":"hexo","hostname":"SC-201607171951","pid":17736,"level":20,"msg":"Processed: source/lib/font-awesome/css/font-awesome.min.css","time":"2017-03-23T15:30:42.874Z","v":0}
{"name":"hexo","hostname":"SC-201607171951","pid":17736,"level":20,"msg":"Processed: source/lib/ua-parser-js/dist/ua-parser.min.js","time":"2017-03-23T15:30:42.875Z","v":0}
{"name":"hexo","hostname":"SC-201607171951","pid":17736,"level":20,"msg":"Processed: source/lib/ua-parser-js/dist/ua-parser.pack.js","time":"2017-03-23T15:30:42.875Z","v":0}
{"name":"hexo","hostname":"SC-201607171951","pid":17736,"level":20,"msg":"Processed: layout/_scripts/schemes/mist.swig","time":"2017-03-23T15:30:42.878Z","v":0}
{"name":"hexo","hostname":"SC-201607171951","pid":17736,"level":20,"msg":"Processed: layout/_scripts/schemes/muse.swig","time":"2017-03-23T15:30:42.878Z","v":0}
{"name":"hexo","hostname":"SC-201607171951","pid":17736,"level":20,"msg":"Processed: source/lib/font-awesome/fonts/fontawesome-webfont.woff","time":"2017-03-23T15:30:42.878Z","v":0}
{"name":"hexo","hostname":"SC-201607171951","pid":17736,"level":20,"msg":"Processed: source/lib/font-awesome/fonts/fontawesome-webfont.woff2","time":"2017-03-23T15:30:42.879Z","v":0}
{"name":"hexo","hostname":"SC-201607171951","pid":17736,"level":20,"msg":"Processed: source/lib/velocity/velocity.js","time":"2017-03-23T15:30:42.879Z","v":0}
{"name":"hexo","hostname":"SC-201607171951","pid":17736,"level":20,"msg":"Processed: layout/_partials/head/external-fonts.swig","time":"2017-03-23T15:30:42.900Z","v":0}
{"name":"hexo","hostname":"SC-201607171951","pid":17736,"level":20,"msg":"Processed: layout/_partials/head/custom-head.swig","time":"2017-03-23T15:30:42.900Z","v":0}
{"name":"hexo","hostname":"SC-201607171951","pid":17736,"level":20,"msg":"Processed: layout/_partials/search/localsearch.swig","time":"2017-03-23T15:30:42.900Z","v":0}
{"name":"hexo","hostname":"SC-201607171951","pid":17736,"level":20,"msg":"Processed: layout/_partials/search/swiftype.swig","time":"2017-03-23T15:30:42.900Z","v":0}
{"name":"hexo","hostname":"SC-201607171951","pid":17736,"level":20,"msg":"Processed: layout/_partials/share/baidushare.swig","time":"2017-03-23T15:30:42.900Z","v":0}
{"name":"hexo","hostname":"SC-201607171951","pid":17736,"level":20,"msg":"Processed: layout/_partials/search/tinysou.swig","time":"2017-03-23T15:30:42.900Z","v":0}
{"name":"hexo","hostname":"SC-201607171951","pid":17736,"level":20,"msg":"Processed: layout/_partials/share/duoshuo_share.swig","time":"2017-03-23T15:30:42.900Z","v":0}
{"name":"hexo","hostname":"SC-201607171951","pid":17736,"level":20,"msg":"Processed: layout/_partials/share/add-this.swig","time":"2017-03-23T15:30:42.900Z","v":0}
{"name":"hexo","hostname":"SC-201607171951","pid":17736,"level":20,"msg":"Processed: layout/_partials/share/jiathis.swig","time":"2017-03-23T15:30:42.900Z","v":0}
{"name":"hexo","hostname":"SC-201607171951","pid":17736,"level":20,"msg":"Processed: layout/_third-party/comments/changyan.swig","time":"2017-03-23T15:30:42.900Z","v":0}
{"name":"hexo","hostname":"SC-201607171951","pid":17736,"level":20,"msg":"Processed: layout/_third-party/comments/disqus.swig","time":"2017-03-23T15:30:42.900Z","v":0}
{"name":"hexo","hostname":"SC-201607171951","pid":17736,"level":20,"msg":"Processed: layout/_third-party/comments/hypercomments.swig","time":"2017-03-23T15:30:42.900Z","v":0}
{"name":"hexo","hostname":"SC-201607171951","pid":17736,"level":20,"msg":"Processed: layout/_third-party/comments/duoshuo.swig","time":"2017-03-23T15:30:42.900Z","v":0}
{"name":"hexo","hostname":"SC-201607171951","pid":17736,"level":20,"msg":"Processed: layout/_third-party/comments/index.swig","time":"2017-03-23T15:30:42.900Z","v":0}
{"name":"hexo","hostname":"SC-201607171951","pid":17736,"level":20,"msg":"Processed: layout/_third-party/comments/gentie.swig","time":"2017-03-23T15:30:42.900Z","v":0}
{"name":"hexo","hostname":"SC-201607171951","pid":17736,"level":20,"msg":"Processed: layout/_third-party/comments/livere.swig","time":"2017-03-23T15:30:42.900Z","v":0}
{"name":"hexo","hostname":"SC-201607171951","pid":17736,"level":20,"msg":"Processed: layout/_third-party/comments/youyan.swig","time":"2017-03-23T15:30:42.902Z","v":0}
{"name":"hexo","hostname":"SC-201607171951","pid":17736,"level":20,"msg":"Processed: layout/_third-party/analytics/baidu-analytics.swig","time":"2017-03-23T15:30:42.902Z","v":0}
{"name":"hexo","hostname":"SC-201607171951","pid":17736,"level":20,"msg":"Processed: layout/_third-party/analytics/busuanzi-counter.swig","time":"2017-03-23T15:30:42.902Z","v":0}
{"name":"hexo","hostname":"SC-201607171951","pid":17736,"level":20,"msg":"Processed: layout/_third-party/analytics/application-insights.swig","time":"2017-03-23T15:30:42.902Z","v":0}
{"name":"hexo","hostname":"SC-201607171951","pid":17736,"level":20,"msg":"Processed: layout/_third-party/analytics/cnzz-analytics.swig","time":"2017-03-23T15:30:42.902Z","v":0}
{"name":"hexo","hostname":"SC-201607171951","pid":17736,"level":20,"msg":"Processed: layout/_third-party/analytics/lean-analytics.swig","time":"2017-03-23T15:30:42.902Z","v":0}
{"name":"hexo","hostname":"SC-201607171951","pid":17736,"level":20,"msg":"Processed: layout/_third-party/analytics/google-analytics.swig","time":"2017-03-23T15:30:42.902Z","v":0}
{"name":"hexo","hostname":"SC-201607171951","pid":17736,"level":20,"msg":"Processed: layout/_third-party/analytics/index.swig","time":"2017-03-23T15:30:42.902Z","v":0}
{"name":"hexo","hostname":"SC-201607171951","pid":17736,"level":20,"msg":"Processed: layout/_third-party/analytics/tencent-mta.swig","time":"2017-03-23T15:30:42.902Z","v":0}
{"name":"hexo","hostname":"SC-201607171951","pid":17736,"level":20,"msg":"Processed: layout/_third-party/analytics/facebook-sdk.swig","time":"2017-03-23T15:30:42.902Z","v":0}
{"name":"hexo","hostname":"SC-201607171951","pid":17736,"level":20,"msg":"Processed: layout/_third-party/analytics/tencent-analytics.swig","time":"2017-03-23T15:30:42.902Z","v":0}
{"name":"hexo","hostname":"SC-201607171951","pid":17736,"level":20,"msg":"Processed: layout/_third-party/analytics/vkontakte-api.swig","time":"2017-03-23T15:30:42.902Z","v":0}
{"name":"hexo","hostname":"SC-201607171951","pid":17736,"level":20,"msg":"Processed: layout/_third-party/search/localsearch.swig","time":"2017-03-23T15:30:42.902Z","v":0}
{"name":"hexo","hostname":"SC-201607171951","pid":17736,"level":20,"msg":"Processed: layout/_third-party/seo/baidu-push.swig","time":"2017-03-23T15:30:42.902Z","v":0}
{"name":"hexo","hostname":"SC-201607171951","pid":17736,"level":20,"msg":"Processed: layout/_scripts/pages/post-details.swig","time":"2017-03-23T15:30:42.902Z","v":0}
{"name":"hexo","hostname":"SC-201607171951","pid":17736,"level":20,"msg":"Processed: layout/_third-party/search/tinysou.swig","time":"2017-03-23T15:30:42.902Z","v":0}
{"name":"hexo","hostname":"SC-201607171951","pid":17736,"level":20,"msg":"Processed: layout/_third-party/search/index.swig","time":"2017-03-23T15:30:42.902Z","v":0}
{"name":"hexo","hostname":"SC-201607171951","pid":17736,"level":20,"msg":"Processed: layout/_scripts/schemes/pisces.swig","time":"2017-03-23T15:30:42.902Z","v":0}
{"name":"hexo","hostname":"SC-201607171951","pid":17736,"level":20,"msg":"Processed: source/lib/fancybox/source/helpers/fancybox_buttons.png","time":"2017-03-23T15:30:42.907Z","v":0}
{"name":"hexo","hostname":"SC-201607171951","pid":17736,"level":20,"msg":"Processed: source/lib/fancybox/source/helpers/jquery.fancybox-buttons.js","time":"2017-03-23T15:30:42.907Z","v":0}
{"name":"hexo","hostname":"SC-201607171951","pid":17736,"level":20,"msg":"Processed: source/lib/fancybox/source/helpers/jquery.fancybox-buttons.css","time":"2017-03-23T15:30:42.908Z","v":0}
{"name":"hexo","hostname":"SC-201607171951","pid":17736,"level":20,"msg":"Processed: source/lib/fancybox/source/helpers/jquery.fancybox-media.js","time":"2017-03-23T15:30:42.908Z","v":0}
{"name":"hexo","hostname":"SC-201607171951","pid":17736,"level":20,"msg":"Processed: source/lib/fancybox/source/helpers/jquery.fancybox-thumbs.css","time":"2017-03-23T15:30:42.908Z","v":0}
{"name":"hexo","hostname":"SC-201607171951","pid":17736,"level":20,"msg":"Processed: source/lib/fancybox/source/helpers/jquery.fancybox-thumbs.js","time":"2017-03-23T15:30:42.908Z","v":0}
{"name":"hexo","hostname":"SC-201607171951","pid":17736,"level":20,"msg":"Processed: source/lib/font-awesome/fonts/FontAwesome.otf","time":"2017-03-23T15:30:42.909Z","v":0}
{"name":"hexo","hostname":"SC-201607171951","pid":17736,"level":20,"msg":"Processed: source/lib/font-awesome/fonts/fontawesome-webfont.eot","time":"2017-03-23T15:30:42.909Z","v":0}
{"name":"hexo","hostname":"SC-201607171951","pid":17736,"level":20,"msg":"Processed: source/lib/font-awesome/fonts/fontawesome-webfont.ttf","time":"2017-03-23T15:30:42.909Z","v":0}
{"name":"hexo","hostname":"SC-201607171951","pid":17736,"level":20,"msg":"Processed: layout/_third-party/search/algolia-search/dom.swig","time":"2017-03-23T15:30:42.912Z","v":0}
{"name":"hexo","hostname":"SC-201607171951","pid":17736,"level":20,"msg":"Processed: layout/_third-party/search/algolia-search/assets.swig","time":"2017-03-23T15:30:42.913Z","v":0}
{"name":"hexo","hostname":"SC-201607171951","pid":17736,"level":20,"msg":"Processed: source/lib/algolia-instant-search/instantsearch.min.js","time":"2017-03-23T15:30:42.913Z","v":0}
{"name":"hexo","hostname":"SC-201607171951","pid":17736,"level":20,"msg":"Processed: source/lib/font-awesome/fonts/fontawesome-webfont.svg","time":"2017-03-23T15:30:42.914Z","v":0}
{"name":"hexo","hostname":"SC-201607171951","pid":17736,"level":20,"msg":"Generator: page","time":"2017-03-23T15:30:43.259Z","v":0}
{"name":"hexo","hostname":"SC-201607171951","pid":17736,"level":20,"msg":"Generator: post","time":"2017-03-23T15:30:43.259Z","v":0}
{"name":"hexo","hostname":"SC-201607171951","pid":17736,"level":20,"msg":"Generator: archive","time":"2017-03-23T15:30:43.259Z","v":0}
{"name":"hexo","hostname":"SC-201607171951","pid":17736,"level":20,"msg":"Generator: category","time":"2017-03-23T15:30:43.259Z","v":0}
{"name":"hexo","hostname":"SC-201607171951","pid":17736,"level":20,"msg":"Generator: index","time":"2017-03-23T15:30:43.259Z","v":0}
{"name":"hexo","hostname":"SC-201607171951","pid":17736,"level":20,"msg":"Generator: tag","time":"2017-03-23T15:30:43.259Z","v":0}
{"name":"hexo","hostname":"SC-201607171951","pid":17736,"level":20,"msg":"Generator: asset","time":"2017-03-23T15:30:43.260Z","v":0}
{"name":"hexo","hostname":"SC-201607171951","pid":17736,"level":30,"msg":"Hexo is running at http://localhost:4000/. Press Ctrl+C to stop.","time":"2017-03-23T15:30:43.274Z","v":0}
{"name":"hexo","hostname":"SC-201607171951","pid":17736,"level":20,"msg":"Database saved","time":"2017-03-23T15:30:43.287Z","v":0}
